{"D:\\Intern\\Task-Manger-Version-14\\Task-Manager-Application\\server\\src\\controllers\\task.ts": {"path":"D:\\Intern\\Task-Manger-Version-14\\Task-Manager-Application\\server\\src\\controllers\\task.ts","statementMap":{"0":{"start":{"line":2,"column":0},"end":{"line":2,"column":39}},"1":{"start":{"line":3,"column":0},"end":{"line":3,"column":48}},"2":{"start":{"line":7,"column":4},"end":{"line":7,"column":19}},"3":{"start":{"line":8,"column":4},"end":{"line":8,"column":33}},"4":{"start":{"line":4,"column":0},"end":{"line":4,"column":13}},"5":{"start":{"line":11,"column":27},"end":{"line":40,"column":2}},"6":{"start":{"line":15,"column":4},"end":{"line":40,"column":2}},"7":{"start":{"line":16,"column":17},"end":{"line":16,"column":34}},"8":{"start":{"line":17,"column":29},"end":{"line":17,"column":59}},"9":{"start":{"line":18,"column":19},"end":{"line":18,"column":21}},"10":{"start":{"line":20,"column":2},"end":{"line":39,"column":3}},"11":{"start":{"line":21,"column":27},"end":{"line":24,"column":22}},"12":{"start":{"line":25,"column":4},"end":{"line":29,"column":5}},"13":{"start":{"line":26,"column":20},"end":{"line":26,"column":68}},"14":{"start":{"line":27,"column":6},"end":{"line":27,"column":18}},"15":{"start":{"line":30,"column":4},"end":{"line":30,"column":45}},"16":{"start":{"line":33,"column":4},"end":{"line":33,"column":45}},"17":{"start":{"line":34,"column":4},"end":{"line":36,"column":5}},"18":{"start":{"line":35,"column":6},"end":{"line":35,"column":27}},"19":{"start":{"line":37,"column":4},"end":{"line":37,"column":14}},"20":{"start":{"line":11,"column":13},"end":{"line":11,"column":27}},"21":{"start":{"line":41,"column":30},"end":{"line":73,"column":2}},"22":{"start":{"line":45,"column":4},"end":{"line":73,"column":2}},"23":{"start":{"line":46,"column":17},"end":{"line":46,"column":34}},"24":{"start":{"line":47,"column":26},"end":{"line":47,"column":34}},"25":{"start":{"line":48,"column":17},"end":{"line":48,"column":33}},"26":{"start":{"line":49,"column":2},"end":{"line":72,"column":3}},"27":{"start":{"line":50,"column":26},"end":{"line":52,"column":null}},"28":{"start":{"line":54,"column":4},"end":{"line":58,"column":5}},"29":{"start":{"line":55,"column":20},"end":{"line":55,"column":68}},"30":{"start":{"line":56,"column":6},"end":{"line":56,"column":18}},"31":{"start":{"line":59,"column":32},"end":{"line":59,"column":72}},"32":{"start":{"line":61,"column":4},"end":{"line":64,"column":7}},"33":{"start":{"line":65,"column":4},"end":{"line":65,"column":null}},"34":{"start":{"line":67,"column":4},"end":{"line":69,"column":5}},"35":{"start":{"line":68,"column":6},"end":{"line":68,"column":27}},"36":{"start":{"line":71,"column":4},"end":{"line":71,"column":14}},"37":{"start":{"line":41,"column":13},"end":{"line":41,"column":30}},"38":{"start":{"line":74,"column":30},"end":{"line":95,"column":2}},"39":{"start":{"line":78,"column":4},"end":{"line":95,"column":2}},"40":{"start":{"line":79,"column":17},"end":{"line":79,"column":34}},"41":{"start":{"line":80,"column":2},"end":{"line":94,"column":3}},"42":{"start":{"line":81,"column":26},"end":{"line":81,"column":76}},"43":{"start":{"line":82,"column":4},"end":{"line":85,"column":5}},"44":{"start":{"line":83,"column":20},"end":{"line":83,"column":68}},"45":{"start":{"line":84,"column":6},"end":{"line":84,"column":25}},"46":{"start":{"line":86,"column":4},"end":{"line":88,"column":7}},"47":{"start":{"line":90,"column":4},"end":{"line":92,"column":5}},"48":{"start":{"line":91,"column":6},"end":{"line":91,"column":27}},"49":{"start":{"line":93,"column":4},"end":{"line":93,"column":14}},"50":{"start":{"line":74,"column":13},"end":{"line":74,"column":30}},"51":{"start":{"line":97,"column":24},"end":{"line":138,"column":2}},"52":{"start":{"line":101,"column":4},"end":{"line":138,"column":2}},"53":{"start":{"line":102,"column":25},"end":{"line":102,"column":42}},"54":{"start":{"line":103,"column":23},"end":{"line":103,"column":36}},"55":{"start":{"line":104,"column":25},"end":{"line":104,"column":40}},"56":{"start":{"line":106,"column":2},"end":{"line":112,"column":3}},"57":{"start":{"line":107,"column":31},"end":{"line":109,"column":null}},"58":{"start":{"line":111,"column":4},"end":{"line":111,"column":23}},"59":{"start":{"line":114,"column":2},"end":{"line":137,"column":3}},"60":{"start":{"line":115,"column":20},"end":{"line":120,"column":6}},"61":{"start":{"line":122,"column":22},"end":{"line":122,"column":42}},"62":{"start":{"line":123,"column":4},"end":{"line":129,"column":5}},"63":{"start":{"line":124,"column":20},"end":{"line":126,"column":null}},"64":{"start":{"line":128,"column":6},"end":{"line":128,"column":25}},"65":{"start":{"line":131,"column":4},"end":{"line":134,"column":7}},"66":{"start":{"line":136,"column":4},"end":{"line":136,"column":16}},"67":{"start":{"line":97,"column":13},"end":{"line":97,"column":24}}},"fnMap":{"0":{"name":"(anonymous_7)","decl":{"start":{"line":6,"column":2},"end":{"line":6,"column":14}},"loc":{"start":{"line":6,"column":49},"end":{"line":9,"column":3}}},"1":{"name":"(anonymous_8)","decl":{"start":{"line":11,"column":27},"end":{"line":11,"column":null}},"loc":{"start":{"line":15,"column":4},"end":{"line":40,"column":2}}},"2":{"name":"(anonymous_9)","decl":{"start":{"line":15,"column":4},"end":{"line":15,"column":null}},"loc":{"start":{"line":15,"column":4},"end":{"line":40,"column":1}}},"3":{"name":"(anonymous_10)","decl":{"start":{"line":41,"column":30},"end":{"line":41,"column":null}},"loc":{"start":{"line":45,"column":4},"end":{"line":73,"column":2}}},"4":{"name":"(anonymous_11)","decl":{"start":{"line":45,"column":4},"end":{"line":45,"column":null}},"loc":{"start":{"line":45,"column":4},"end":{"line":73,"column":1}}},"5":{"name":"(anonymous_12)","decl":{"start":{"line":74,"column":30},"end":{"line":74,"column":null}},"loc":{"start":{"line":78,"column":4},"end":{"line":95,"column":2}}},"6":{"name":"(anonymous_13)","decl":{"start":{"line":78,"column":4},"end":{"line":78,"column":null}},"loc":{"start":{"line":78,"column":4},"end":{"line":95,"column":1}}},"7":{"name":"(anonymous_14)","decl":{"start":{"line":97,"column":24},"end":{"line":97,"column":null}},"loc":{"start":{"line":101,"column":4},"end":{"line":138,"column":2}}},"8":{"name":"(anonymous_15)","decl":{"start":{"line":101,"column":4},"end":{"line":101,"column":null}},"loc":{"start":{"line":101,"column":4},"end":{"line":138,"column":1}}}},"branchMap":{"0":{"loc":{"start":{"line":25,"column":4},"end":{"line":29,"column":5}},"type":"if","locations":[{"start":{"line":25,"column":4},"end":{"line":29,"column":5}}]},"1":{"loc":{"start":{"line":34,"column":4},"end":{"line":36,"column":5}},"type":"if","locations":[{"start":{"line":34,"column":4},"end":{"line":36,"column":5}}]},"2":{"loc":{"start":{"line":54,"column":4},"end":{"line":58,"column":5}},"type":"if","locations":[{"start":{"line":54,"column":4},"end":{"line":58,"column":5}}]},"3":{"loc":{"start":{"line":67,"column":4},"end":{"line":69,"column":5}},"type":"if","locations":[{"start":{"line":67,"column":4},"end":{"line":69,"column":5}}]},"4":{"loc":{"start":{"line":82,"column":4},"end":{"line":85,"column":5}},"type":"if","locations":[{"start":{"line":82,"column":4},"end":{"line":85,"column":5}}]},"5":{"loc":{"start":{"line":90,"column":4},"end":{"line":92,"column":5}},"type":"if","locations":[{"start":{"line":90,"column":4},"end":{"line":92,"column":5}}]},"6":{"loc":{"start":{"line":106,"column":2},"end":{"line":112,"column":3}},"type":"if","locations":[{"start":{"line":106,"column":2},"end":{"line":112,"column":3}}]},"7":{"loc":{"start":{"line":106,"column":6},"end":{"line":106,"column":40}},"type":"binary-expr","locations":[{"start":{"line":106,"column":6},"end":{"line":106,"column":23}},{"start":{"line":106,"column":27},"end":{"line":106,"column":40}}]},"8":{"loc":{"start":{"line":123,"column":4},"end":{"line":129,"column":5}},"type":"if","locations":[{"start":{"line":123,"column":4},"end":{"line":129,"column":5}}]}},"s":{"0":1,"1":1,"2":4,"3":4,"4":1,"5":1,"6":1,"7":1,"8":1,"9":1,"10":1,"11":1,"12":1,"13":0,"14":0,"15":1,"16":0,"17":0,"18":0,"19":0,"20":1,"21":1,"22":2,"23":2,"24":2,"25":2,"26":2,"27":2,"28":2,"29":1,"30":1,"31":1,"32":1,"33":1,"34":1,"35":0,"36":1,"37":1,"38":1,"39":2,"40":2,"41":2,"42":2,"43":2,"44":1,"45":1,"46":1,"47":0,"48":0,"49":0,"50":1,"51":1,"52":0,"53":0,"54":0,"55":0,"56":0,"57":0,"58":0,"59":0,"60":0,"61":0,"62":0,"63":0,"64":0,"65":0,"66":0,"67":1},"f":{"0":4,"1":1,"2":1,"3":2,"4":2,"5":2,"6":2,"7":0,"8":0},"b":{"0":[0],"1":[0],"2":[1],"3":[0],"4":[1],"5":[0],"6":[0],"7":[0,0],"8":[0]}}
,"D:\\Intern\\Task-Manger-Version-14\\Task-Manager-Application\\server\\src\\models\\task.ts": {"path":"D:\\Intern\\Task-Manger-Version-14\\Task-Manager-Application\\server\\src\\models\\task.ts","statementMap":{"0":{"start":{"line":1,"column":0},"end":{"line":1,"column":58}},"1":{"start":{"line":10,"column":19},"end":{"line":28,"column":2}},"2":{"start":{"line":30,"column":18},"end":{"line":30,"column":49}},"3":{"start":{"line":31,"column":0},"end":{"line":31,"column":25}}},"fnMap":{},"branchMap":{},"s":{"0":1,"1":1,"2":1,"3":1},"f":{},"b":{}}
,"D:\\Intern\\Task-Manger-Version-14\\Task-Manager-Application\\server\\src\\utills\\Validations.ts": {"path":"D:\\Intern\\Task-Manger-Version-14\\Task-Manager-Application\\server\\src\\utills\\Validations.ts","statementMap":{"0":{"start":{"line":2,"column":4},"end":{"line":2,"column":65}},"1":{"start":{"line":1,"column":0},"end":{"line":1,"column":16}}},"fnMap":{"0":{"name":"isEmpty","decl":{"start":{"line":1,"column":16},"end":{"line":1,"column":23}},"loc":{"start":{"line":1,"column":34},"end":{"line":3,"column":1}}}},"branchMap":{"0":{"loc":{"start":{"line":2,"column":11},"end":{"line":2,"column":64}},"type":"binary-expr","locations":[{"start":{"line":2,"column":11},"end":{"line":2,"column":30}},{"start":{"line":2,"column":34},"end":{"line":2,"column":48}},{"start":{"line":2,"column":52},"end":{"line":2,"column":64}}]}},"s":{"0":0,"1":1},"f":{"0":0},"b":{"0":[0,0,0]}}
}
