TN:
SF:src\controllers\task.ts
FN:6,(anonymous_7)
FN:11,(anonymous_8)
FN:15,(anonymous_9)
FN:41,(anonymous_10)
FN:45,(anonymous_11)
FN:74,(anonymous_12)
FN:78,(anonymous_13)
FN:97,(anonymous_14)
FN:101,(anonymous_15)
FNF:9
FNH:7
FNDA:4,(anonymous_7)
FNDA:1,(anonymous_8)
FNDA:1,(anonymous_9)
FNDA:2,(anonymous_10)
FNDA:2,(anonymous_11)
FNDA:2,(anonymous_12)
FNDA:2,(anonymous_13)
FNDA:0,(anonymous_14)
FNDA:0,(anonymous_15)
DA:2,1
DA:3,1
DA:4,1
DA:7,4
DA:8,4
DA:11,1
DA:15,1
DA:16,1
DA:17,1
DA:18,1
DA:20,1
DA:21,1
DA:25,1
DA:26,0
DA:27,0
DA:30,1
DA:33,0
DA:34,0
DA:35,0
DA:37,0
DA:41,1
DA:45,2
DA:46,2
DA:47,2
DA:48,2
DA:49,2
DA:50,2
DA:54,2
DA:55,1
DA:56,1
DA:59,1
DA:61,1
DA:65,1
DA:67,1
DA:68,0
DA:71,1
DA:74,1
DA:78,2
DA:79,2
DA:80,2
DA:81,2
DA:82,2
DA:83,1
DA:84,1
DA:86,1
DA:90,0
DA:91,0
DA:93,0
DA:97,1
DA:101,0
DA:102,0
DA:103,0
DA:104,0
DA:106,0
DA:107,0
DA:111,0
DA:114,0
DA:115,0
DA:122,0
DA:123,0
DA:124,0
DA:128,0
DA:131,0
DA:136,0
LF:64
LH:39
BRDA:25,0,0,0
BRDA:34,1,0,0
BRDA:54,2,0,1
BRDA:67,3,0,0
BRDA:82,4,0,1
BRDA:90,5,0,0
BRDA:106,6,0,0
BRDA:106,7,0,0
BRDA:106,7,1,0
BRDA:123,8,0,0
BRF:10
BRH:2
end_of_record
TN:
SF:src\models\task.ts
FNF:0
FNH:0
DA:1,1
DA:10,1
DA:30,1
DA:31,1
LF:4
LH:4
BRF:0
BRH:0
end_of_record
TN:
SF:src\utills\Validations.ts
FN:1,isEmpty
FNF:1
FNH:0
FNDA:0,isEmpty
DA:1,1
DA:2,0
LF:2
LH:1
BRDA:2,0,0,0
BRDA:2,0,1,0
BRDA:2,0,2,0
BRF:3
BRH:0
end_of_record
