TN:
SF:src/controllers/task.ts
FN:6,(anonymous_7)
FN:11,(anonymous_8)
FN:11,(anonymous_9)
FN:34,(anonymous_10)
FN:34,(anonymous_11)
FN:62,(anonymous_12)
FN:66,(anonymous_13)
FN:85,(anonymous_14)
FN:85,(anonymous_15)
FNF:9
FNH:9
FNDA:5,(anonymous_7)
FNDA:1,(anonymous_8)
FNDA:1,(anonymous_9)
FNDA:2,(anonymous_10)
FNDA:2,(anonymous_11)
FNDA:2,(anonymous_12)
FNDA:2,(anonymous_13)
FNDA:3,(anonymous_14)
FNDA:3,(anonymous_15)
DA:2,1
DA:3,1
DA:4,1
DA:7,5
DA:8,5
DA:11,1
DA:12,1
DA:13,1
DA:14,1
DA:16,1
DA:17,1
DA:21,1
DA:22,0
DA:23,0
DA:25,1
DA:27,0
DA:28,0
DA:29,0
DA:31,0
DA:34,2
DA:35,2
DA:36,2
DA:37,2
DA:38,2
DA:39,2
DA:43,2
DA:44,1
DA:45,1
DA:47,1
DA:49,1
DA:53,1
DA:55,1
DA:56,0
DA:59,1
DA:62,1
DA:66,2
DA:67,2
DA:68,2
DA:69,2
DA:70,2
DA:71,1
DA:72,1
DA:74,1
DA:78,0
DA:79,0
DA:81,0
DA:85,3
DA:86,3
DA:87,3
DA:88,3
DA:90,3
DA:91,1
DA:95,1
DA:98,2
DA:99,2
DA:106,2
DA:107,1
DA:108,0
DA:112,0
DA:116,1
DA:121,1
LF:61
LH:49
BRDA:21,0,0,0
BRDA:28,1,0,0
BRDA:43,2,0,1
BRDA:55,3,0,0
BRDA:70,4,0,1
BRDA:78,5,0,0
BRDA:90,6,0,1
BRDA:90,7,0,3
BRDA:90,7,1,2
BRDA:107,8,0,0
BRF:10
BRH:5
end_of_record
TN:
SF:src/models/task.ts
FNF:0
FNH:0
DA:1,1
DA:10,1
DA:30,1
DA:31,1
LF:4
LH:4
BRF:0
BRH:0
end_of_record
TN:
SF:src/utills/Validations.ts
FN:1,isEmpty
FNF:1
FNH:1
FNDA:5,isEmpty
DA:1,1
DA:2,5
LF:2
LH:2
BRDA:2,0,0,5
BRDA:2,0,1,5
BRDA:2,0,2,4
BRF:3
BRH:3
end_of_record
