{"E:\\INTERN\\Ariso\\version3\\Task-Manager-Application\\client\\src\\Layout\\Layout.tsx": {"path":"E:\\INTERN\\Ariso\\version3\\Task-Manager-Application\\client\\src\\Layout\\Layout.tsx","statementMap":{"0":{"start":{"line":13,"column":15},"end":{"line":81,"column":1}},"1":{"start":{"line":14,"column":52},"end":{"line":14,"column":84}},"2":{"start":{"line":17,"column":48},"end":{"line":17,"column":72}},"3":{"start":{"line":18,"column":21},"end":{"line":18,"column":34}},"4":{"start":{"line":20,"column":24},"end":{"line":23,"column":3}},"5":{"start":{"line":22,"column":4},"end":{"line":22,"column":32}},"6":{"start":{"line":24,"column":25},"end":{"line":28,"column":3}},"7":{"start":{"line":26,"column":6},"end":{"line":26,"column":32}},"8":{"start":{"line":32,"column":37},"end":{"line":44,"column":1}},"9":{"start":{"line":36,"column":4},"end":{"line":43,"column":5}},"10":{"start":{"line":37,"column":8},"end":{"line":37,"column":45}},"11":{"start":{"line":38,"column":8},"end":{"line":38,"column":45}},"12":{"start":{"line":39,"column":8},"end":{"line":39,"column":42}},"13":{"start":{"line":40,"column":8},"end":{"line":40,"column":24}},"14":{"start":{"line":42,"column":8},"end":{"line":42,"column":34}},"15":{"start":{"line":46,"column":2},"end":{"line":80,"column":3}},"16":{"start":{"line":50,"column":6},"end":{"line":52,"column":7}},"17":{"start":{"line":51,"column":8},"end":{"line":51,"column":36}}},"fnMap":{"0":{"name":"(anonymous_0)","decl":{"start":{"line":13,"column":15},"end":{"line":13,"column":16}},"loc":{"start":{"line":13,"column":40},"end":{"line":81,"column":1}},"line":13},"1":{"name":"(anonymous_1)","decl":{"start":{"line":20,"column":24},"end":{"line":20,"column":25}},"loc":{"start":{"line":20,"column":44},"end":{"line":23,"column":3}},"line":20},"2":{"name":"(anonymous_2)","decl":{"start":{"line":24,"column":25},"end":{"line":24,"column":26}},"loc":{"start":{"line":24,"column":45},"end":{"line":28,"column":3}},"line":24},"3":{"name":"(anonymous_3)","decl":{"start":{"line":32,"column":37},"end":{"line":32,"column":38}},"loc":{"start":{"line":35,"column":6},"end":{"line":44,"column":1}},"line":35},"4":{"name":"(anonymous_4)","decl":{"start":{"line":48,"column":92},"end":{"line":48,"column":93}},"loc":{"start":{"line":48,"column":98},"end":{"line":53,"column":5}},"line":48}},"branchMap":{"0":{"loc":{"start":{"line":36,"column":4},"end":{"line":43,"column":5}},"type":"if","locations":[{"start":{"line":36,"column":4},"end":{"line":43,"column":5}},{"start":{"line":41,"column":11},"end":{"line":43,"column":5}}],"line":36},"1":{"loc":{"start":{"line":50,"column":6},"end":{"line":52,"column":7}},"type":"if","locations":[{"start":{"line":50,"column":6},"end":{"line":52,"column":7}},{"start":{},"end":{}}],"line":50},"2":{"loc":{"start":{"line":54,"column":111},"end":{"line":54,"column":170}},"type":"cond-expr","locations":[{"start":{"line":54,"column":131},"end":{"line":54,"column":147}},{"start":{"line":54,"column":150},"end":{"line":54,"column":170}}],"line":54},"3":{"loc":{"start":{"line":65,"column":9},"end":{"line":74,"column":17}},"type":"binary-expr","locations":[{"start":{"line":65,"column":9},"end":{"line":65,"column":24}},{"start":{"line":66,"column":20},"end":{"line":73,"column":22}}],"line":65}},"s":{"0":5,"1":12,"2":12,"3":12,"4":12,"5":0,"6":12,"7":0,"8":12,"9":0,"10":0,"11":0,"12":0,"13":0,"14":0,"15":12,"16":6,"17":0},"f":{"0":12,"1":0,"2":0,"3":0,"4":6},"b":{"0":[0,0],"1":[0,6],"2":[0,12],"3":[12,0]},"_coverageSchema":"1a1c01bbd47fc00a2c39e90264f33305004495a9","hash":"e4a1f90194f8fe163d3ac344770204baeef87a67"}
,"E:\\INTERN\\Ariso\\version3\\Task-Manager-Application\\client\\src\\__test__\\store\\customProvider\\store-utills.tsx": {"path":"E:\\INTERN\\Ariso\\version3\\Task-Manager-Application\\client\\src\\__test__\\store\\customProvider\\store-utills.tsx","statementMap":{"0":{"start":{"line":34,"column":4},"end":{"line":34,"column":57}},"1":{"start":{"line":39,"column":2},"end":{"line":39,"column":73}}},"fnMap":{"0":{"name":"renderWithProviders","decl":{"start":{"line":18,"column":16},"end":{"line":18,"column":35}},"loc":{"start":{"line":29,"column":2},"end":{"line":40,"column":1}},"line":29},"1":{"name":"Wrapper","decl":{"start":{"line":31,"column":11},"end":{"line":31,"column":18}},"loc":{"start":{"line":31,"column":69},"end":{"line":36,"column":3}},"line":31}},"branchMap":{"0":{"loc":{"start":{"line":20,"column":2},"end":{"line":28,"column":31}},"type":"default-arg","locations":[{"start":{"line":28,"column":29},"end":{"line":28,"column":31}}],"line":20},"1":{"loc":{"start":{"line":21,"column":4},"end":{"line":23,"column":5}},"type":"default-arg","locations":[{"start":{"line":21,"column":21},"end":{"line":23,"column":5}}],"line":21},"2":{"loc":{"start":{"line":25,"column":4},"end":{"line":25,"column":38}},"type":"default-arg","locations":[{"start":{"line":25,"column":12},"end":{"line":25,"column":38}}],"line":25}},"s":{"0":2,"1":2},"f":{"0":2,"1":2},"b":{"0":[1],"1":[1],"2":[2]},"_coverageSchema":"1a1c01bbd47fc00a2c39e90264f33305004495a9","hash":"739e30373e4efd89f3eca9d1968c4eb5dd3cecd6"}
,"E:\\INTERN\\Ariso\\version3\\Task-Manager-Application\\client\\src\\pages\\Task.tsx": {"path":"E:\\INTERN\\Ariso\\version3\\Task-Manager-Application\\client\\src\\pages\\Task.tsx","statementMap":{"0":{"start":{"line":37,"column":13},"end":{"line":504,"column":1}},"1":{"start":{"line":39,"column":33},"end":{"line":39,"column":63}},"2":{"start":{"line":40,"column":48},"end":{"line":40,"column":67}},"3":{"start":{"line":43,"column":4},"end":{"line":68,"column":6}},"4":{"start":{"line":70,"column":4},"end":{"line":70,"column":63}},"5":{"start":{"line":70,"column":51},"end":{"line":70,"column":61}},"6":{"start":{"line":71,"column":4},"end":{"line":71,"column":84}},"7":{"start":{"line":71,"column":76},"end":{"line":71,"column":81}},"8":{"start":{"line":72,"column":30},"end":{"line":72,"column":108}},"9":{"start":{"line":75,"column":21},"end":{"line":75,"column":47}},"10":{"start":{"line":76,"column":33},"end":{"line":76,"column":62}},"11":{"start":{"line":77,"column":24},"end":{"line":77,"column":51}},"12":{"start":{"line":81,"column":42},"end":{"line":81,"column":53}},"13":{"start":{"line":82,"column":25},"end":{"line":82,"column":27}},"14":{"start":{"line":83,"column":28},"end":{"line":83,"column":54}},"15":{"start":{"line":84,"column":29},"end":{"line":84,"column":59}},"16":{"start":{"line":87,"column":4},"end":{"line":97,"column":5}},"17":{"start":{"line":88,"column":8},"end":{"line":91,"column":10}},"18":{"start":{"line":93,"column":8},"end":{"line":96,"column":10}},"19":{"start":{"line":98,"column":23},"end":{"line":98,"column":76}},"20":{"start":{"line":100,"column":4},"end":{"line":104,"column":5}},"21":{"start":{"line":101,"column":26},"end":{"line":101,"column":56}},"22":{"start":{"line":103,"column":26},"end":{"line":103,"column":53}},"23":{"start":{"line":105,"column":4},"end":{"line":112,"column":5}},"24":{"start":{"line":107,"column":12},"end":{"line":109,"column":48}},"25":{"start":{"line":111,"column":24},"end":{"line":111,"column":39}},"26":{"start":{"line":116,"column":40},"end":{"line":116,"column":60}},"27":{"start":{"line":117,"column":50},"end":{"line":117,"column":65}},"28":{"start":{"line":118,"column":50},"end":{"line":118,"column":74}},"29":{"start":{"line":119,"column":52},"end":{"line":119,"column":76}},"30":{"start":{"line":120,"column":50},"end":{"line":123,"column":6}},"31":{"start":{"line":124,"column":46},"end":{"line":124,"column":61}},"32":{"start":{"line":125,"column":52},"end":{"line":125,"column":67}},"33":{"start":{"line":126,"column":44},"end":{"line":126,"column":64}},"34":{"start":{"line":127,"column":40},"end":{"line":127,"column":60}},"35":{"start":{"line":128,"column":23},"end":{"line":128,"column":36}},"36":{"start":{"line":129,"column":38},"end":{"line":129,"column":52}},"37":{"start":{"line":130,"column":38},"end":{"line":130,"column":53}},"38":{"start":{"line":131,"column":36},"end":{"line":131,"column":51}},"39":{"start":{"line":132,"column":34},"end":{"line":132,"column":49}},"40":{"start":{"line":133,"column":29},"end":{"line":136,"column":5}},"41":{"start":{"line":134,"column":8},"end":{"line":134,"column":28}},"42":{"start":{"line":135,"column":8},"end":{"line":135,"column":26}},"43":{"start":{"line":140,"column":48},"end":{"line":140,"column":68}},"44":{"start":{"line":141,"column":27},"end":{"line":145,"column":5}},"45":{"start":{"line":149,"column":29},"end":{"line":157,"column":5}},"46":{"start":{"line":150,"column":8},"end":{"line":156,"column":9}},"47":{"start":{"line":151,"column":48},"end":{"line":151,"column":124}},"48":{"start":{"line":152,"column":12},"end":{"line":152,"column":79}},"49":{"start":{"line":155,"column":12},"end":{"line":155,"column":63}},"50":{"start":{"line":159,"column":35},"end":{"line":166,"column":5}},"51":{"start":{"line":160,"column":8},"end":{"line":165,"column":9}},"52":{"start":{"line":161,"column":42},"end":{"line":161,"column":62}},"53":{"start":{"line":164,"column":12},"end":{"line":164,"column":55}},"54":{"start":{"line":168,"column":28},"end":{"line":181,"column":5}},"55":{"start":{"line":169,"column":26},"end":{"line":169,"column":74}},"56":{"start":{"line":170,"column":24},"end":{"line":170,"column":70}},"57":{"start":{"line":171,"column":8},"end":{"line":178,"column":10}},"58":{"start":{"line":179,"column":8},"end":{"line":179,"column":53}},"59":{"start":{"line":180,"column":8},"end":{"line":180,"column":49}},"60":{"start":{"line":183,"column":30},"end":{"line":190,"column":5}},"61":{"start":{"line":184,"column":8},"end":{"line":189,"column":9}},"62":{"start":{"line":185,"column":12},"end":{"line":185,"column":52}},"63":{"start":{"line":188,"column":12},"end":{"line":188,"column":63}},"64":{"start":{"line":194,"column":39},"end":{"line":204,"column":5}},"65":{"start":{"line":198,"column":8},"end":{"line":203,"column":9}},"66":{"start":{"line":199,"column":12},"end":{"line":199,"column":51}},"67":{"start":{"line":200,"column":12},"end":{"line":200,"column":37}},"68":{"start":{"line":202,"column":12},"end":{"line":202,"column":70}},"69":{"start":{"line":206,"column":39},"end":{"line":218,"column":5}},"70":{"start":{"line":210,"column":8},"end":{"line":217,"column":9}},"71":{"start":{"line":211,"column":12},"end":{"line":211,"column":49}},"72":{"start":{"line":212,"column":12},"end":{"line":212,"column":49}},"73":{"start":{"line":213,"column":12},"end":{"line":213,"column":46}},"74":{"start":{"line":214,"column":12},"end":{"line":214,"column":28}},"75":{"start":{"line":216,"column":12},"end":{"line":216,"column":38}},"76":{"start":{"line":220,"column":31},"end":{"line":222,"column":5}},"77":{"start":{"line":221,"column":8},"end":{"line":221,"column":35}},"78":{"start":{"line":224,"column":4},"end":{"line":231,"column":69}},"79":{"start":{"line":226,"column":8},"end":{"line":226,"column":142}},"80":{"start":{"line":227,"column":8},"end":{"line":227,"column":25}},"81":{"start":{"line":234,"column":4},"end":{"line":503,"column":5}},"82":{"start":{"line":243,"column":41},"end":{"line":243,"column":70}},"83":{"start":{"line":248,"column":41},"end":{"line":248,"column":76}},"84":{"start":{"line":248,"column":69},"end":{"line":248,"column":74}},"85":{"start":{"line":256,"column":32},"end":{"line":256,"column":74}},"86":{"start":{"line":268,"column":40},"end":{"line":268,"column":60}},"87":{"start":{"line":269,"column":40},"end":{"line":269,"column":59}},"88":{"start":{"line":281,"column":48},"end":{"line":281,"column":66}},"89":{"start":{"line":282,"column":48},"end":{"line":282,"column":67}},"90":{"start":{"line":287,"column":36},"end":{"line":287,"column":55}},"91":{"start":{"line":288,"column":36},"end":{"line":288,"column":78}},"92":{"start":{"line":289,"column":36},"end":{"line":289,"column":53}},"93":{"start":{"line":307,"column":53},"end":{"line":307,"column":78}},"94":{"start":{"line":319,"column":56},"end":{"line":319,"column":88}},"95":{"start":{"line":328,"column":56},"end":{"line":328,"column":94}},"96":{"start":{"line":355,"column":47},"end":{"line":355,"column":71}},"97":{"start":{"line":369,"column":24},"end":{"line":369,"column":50}},"98":{"start":{"line":388,"column":40},"end":{"line":412,"column":45}},"99":{"start":{"line":396,"column":56},"end":{"line":396,"column":101}},"100":{"start":{"line":404,"column":56},"end":{"line":404,"column":113}},"101":{"start":{"line":405,"column":56},"end":{"line":405,"column":83}},"102":{"start":{"line":464,"column":32},"end":{"line":464,"column":88}},"103":{"start":{"line":464,"column":61},"end":{"line":464,"column":86}},"104":{"start":{"line":465,"column":32},"end":{"line":474,"column":33}},"105":{"start":{"line":467,"column":36},"end":{"line":467,"column":119}},"106":{"start":{"line":469,"column":36},"end":{"line":469,"column":106}},"107":{"start":{"line":482,"column":32},"end":{"line":484,"column":34}},"108":{"start":{"line":483,"column":36},"end":{"line":483,"column":70}},"109":{"start":{"line":487,"column":32},"end":{"line":487,"column":115}},"110":{"start":{"line":489,"column":32},"end":{"line":489,"column":103}}},"fnMap":{"0":{"name":"(anonymous_0)","decl":{"start":{"line":37,"column":13},"end":{"line":37,"column":14}},"loc":{"start":{"line":37,"column":19},"end":{"line":504,"column":1}},"line":37},"1":{"name":"(anonymous_1)","decl":{"start":{"line":70,"column":29},"end":{"line":70,"column":30}},"loc":{"start":{"line":70,"column":51},"end":{"line":70,"column":61}},"line":70},"2":{"name":"(anonymous_2)","decl":{"start":{"line":71,"column":54},"end":{"line":71,"column":55}},"loc":{"start":{"line":71,"column":76},"end":{"line":71,"column":81}},"line":71},"3":{"name":"(anonymous_3)","decl":{"start":{"line":133,"column":29},"end":{"line":133,"column":30}},"loc":{"start":{"line":133,"column":35},"end":{"line":136,"column":5}},"line":133},"4":{"name":"(anonymous_4)","decl":{"start":{"line":149,"column":29},"end":{"line":149,"column":30}},"loc":{"start":{"line":149,"column":72},"end":{"line":157,"column":5}},"line":149},"5":{"name":"(anonymous_5)","decl":{"start":{"line":159,"column":35},"end":{"line":159,"column":36}},"loc":{"start":{"line":159,"column":61},"end":{"line":166,"column":5}},"line":159},"6":{"name":"(anonymous_6)","decl":{"start":{"line":168,"column":28},"end":{"line":168,"column":29}},"loc":{"start":{"line":168,"column":43},"end":{"line":181,"column":5}},"line":168},"7":{"name":"(anonymous_7)","decl":{"start":{"line":183,"column":30},"end":{"line":183,"column":31}},"loc":{"start":{"line":183,"column":73},"end":{"line":190,"column":5}},"line":183},"8":{"name":"(anonymous_8)","decl":{"start":{"line":194,"column":39},"end":{"line":194,"column":40}},"loc":{"start":{"line":197,"column":10},"end":{"line":204,"column":5}},"line":197},"9":{"name":"(anonymous_9)","decl":{"start":{"line":206,"column":39},"end":{"line":206,"column":40}},"loc":{"start":{"line":209,"column":10},"end":{"line":218,"column":5}},"line":209},"10":{"name":"(anonymous_10)","decl":{"start":{"line":220,"column":31},"end":{"line":220,"column":32}},"loc":{"start":{"line":220,"column":51},"end":{"line":222,"column":5}},"line":220},"11":{"name":"(anonymous_11)","decl":{"start":{"line":224,"column":14},"end":{"line":224,"column":15}},"loc":{"start":{"line":224,"column":20},"end":{"line":231,"column":5}},"line":224},"12":{"name":"(anonymous_12)","decl":{"start":{"line":243,"column":34},"end":{"line":243,"column":35}},"loc":{"start":{"line":243,"column":41},"end":{"line":243,"column":70}},"line":243},"13":{"name":"(anonymous_13)","decl":{"start":{"line":248,"column":33},"end":{"line":248,"column":34}},"loc":{"start":{"line":248,"column":39},"end":{"line":248,"column":78}},"line":248},"14":{"name":"(anonymous_14)","decl":{"start":{"line":248,"column":59},"end":{"line":248,"column":60}},"loc":{"start":{"line":248,"column":69},"end":{"line":248,"column":74}},"line":248},"15":{"name":"(anonymous_15)","decl":{"start":{"line":255,"column":37},"end":{"line":255,"column":38}},"loc":{"start":{"line":255,"column":43},"end":{"line":257,"column":29}},"line":255},"16":{"name":"(anonymous_16)","decl":{"start":{"line":267,"column":45},"end":{"line":267,"column":46}},"loc":{"start":{"line":267,"column":52},"end":{"line":270,"column":37}},"line":267},"17":{"name":"(anonymous_17)","decl":{"start":{"line":281,"column":42},"end":{"line":281,"column":43}},"loc":{"start":{"line":281,"column":48},"end":{"line":281,"column":66}},"line":281},"18":{"name":"(anonymous_18)","decl":{"start":{"line":282,"column":42},"end":{"line":282,"column":43}},"loc":{"start":{"line":282,"column":48},"end":{"line":282,"column":67}},"line":282},"19":{"name":"(anonymous_19)","decl":{"start":{"line":286,"column":41},"end":{"line":286,"column":42}},"loc":{"start":{"line":286,"column":47},"end":{"line":290,"column":33}},"line":286},"20":{"name":"(anonymous_20)","decl":{"start":{"line":307,"column":45},"end":{"line":307,"column":46}},"loc":{"start":{"line":307,"column":51},"end":{"line":307,"column":80}},"line":307},"21":{"name":"(anonymous_21)","decl":{"start":{"line":319,"column":50},"end":{"line":319,"column":51}},"loc":{"start":{"line":319,"column":56},"end":{"line":319,"column":88}},"line":319},"22":{"name":"(anonymous_22)","decl":{"start":{"line":328,"column":50},"end":{"line":328,"column":51}},"loc":{"start":{"line":328,"column":56},"end":{"line":328,"column":94}},"line":328},"23":{"name":"(anonymous_23)","decl":{"start":{"line":355,"column":41},"end":{"line":355,"column":42}},"loc":{"start":{"line":355,"column":47},"end":{"line":355,"column":71}},"line":355},"24":{"name":"(anonymous_24)","decl":{"start":{"line":367,"column":152},"end":{"line":367,"column":153}},"loc":{"start":{"line":367,"column":158},"end":{"line":370,"column":21}},"line":367},"25":{"name":"(anonymous_25)","decl":{"start":{"line":386,"column":53},"end":{"line":386,"column":54}},"loc":{"start":{"line":388,"column":40},"end":{"line":412,"column":45}},"line":388},"26":{"name":"(anonymous_26)","decl":{"start":{"line":395,"column":62},"end":{"line":395,"column":63}},"loc":{"start":{"line":396,"column":56},"end":{"line":396,"column":101}},"line":396},"27":{"name":"(anonymous_27)","decl":{"start":{"line":403,"column":61},"end":{"line":403,"column":62}},"loc":{"start":{"line":403,"column":67},"end":{"line":406,"column":53}},"line":403},"28":{"name":"(anonymous_28)","decl":{"start":{"line":461,"column":37},"end":{"line":461,"column":38}},"loc":{"start":{"line":461,"column":43},"end":{"line":475,"column":29}},"line":461},"29":{"name":"(anonymous_29)","decl":{"start":{"line":464,"column":47},"end":{"line":464,"column":48}},"loc":{"start":{"line":464,"column":61},"end":{"line":464,"column":86}},"line":464},"30":{"name":"(anonymous_30)","decl":{"start":{"line":481,"column":37},"end":{"line":481,"column":38}},"loc":{"start":{"line":481,"column":43},"end":{"line":494,"column":29}},"line":481},"31":{"name":"(anonymous_31)","decl":{"start":{"line":482,"column":47},"end":{"line":482,"column":48}},"loc":{"start":{"line":483,"column":36},"end":{"line":483,"column":70}},"line":483}},"branchMap":{"0":{"loc":{"start":{"line":87,"column":4},"end":{"line":97,"column":5}},"type":"if","locations":[{"start":{"line":87,"column":4},"end":{"line":97,"column":5}},{"start":{"line":92,"column":11},"end":{"line":97,"column":5}}],"line":87},"1":{"loc":{"start":{"line":100,"column":4},"end":{"line":104,"column":5}},"type":"if","locations":[{"start":{"line":100,"column":4},"end":{"line":104,"column":5}},{"start":{"line":102,"column":11},"end":{"line":104,"column":5}}],"line":100},"2":{"loc":{"start":{"line":105,"column":4},"end":{"line":112,"column":5}},"type":"if","locations":[{"start":{"line":105,"column":4},"end":{"line":112,"column":5}},{"start":{"line":110,"column":11},"end":{"line":112,"column":5}}],"line":105},"3":{"loc":{"start":{"line":198,"column":8},"end":{"line":203,"column":9}},"type":"if","locations":[{"start":{"line":198,"column":8},"end":{"line":203,"column":9}},{"start":{"line":201,"column":15},"end":{"line":203,"column":9}}],"line":198},"4":{"loc":{"start":{"line":210,"column":8},"end":{"line":217,"column":9}},"type":"if","locations":[{"start":{"line":210,"column":8},"end":{"line":217,"column":9}},{"start":{"line":215,"column":15},"end":{"line":217,"column":9}}],"line":210},"5":{"loc":{"start":{"line":252,"column":21},"end":{"line":276,"column":21}},"type":"binary-expr","locations":[{"start":{"line":252,"column":21},"end":{"line":252,"column":55}},{"start":{"line":252,"column":59},"end":{"line":252,"column":68}},{"start":{"line":253,"column":24},"end":{"line":275,"column":31}}],"line":252},"6":{"loc":{"start":{"line":263,"column":37},"end":{"line":263,"column":90}},"type":"cond-expr","locations":[{"start":{"line":263,"column":74},"end":{"line":263,"column":81}},{"start":{"line":263,"column":84},"end":{"line":263,"column":90}}],"line":263},"7":{"loc":{"start":{"line":278,"column":17},"end":{"line":299,"column":17}},"type":"binary-expr","locations":[{"start":{"line":278,"column":17},"end":{"line":278,"column":27}},{"start":{"line":278,"column":31},"end":{"line":278,"column":39}},{"start":{"line":279,"column":20},"end":{"line":298,"column":26}}],"line":278},"8":{"loc":{"start":{"line":292,"column":29},"end":{"line":296,"column":29}},"type":"binary-expr","locations":[{"start":{"line":292,"column":29},"end":{"line":292,"column":38}},{"start":{"line":293,"column":32},"end":{"line":295,"column":38}}],"line":292},"9":{"loc":{"start":{"line":300,"column":17},"end":{"line":300,"column":146}},"type":"binary-expr","locations":[{"start":{"line":300,"column":17},"end":{"line":300,"column":24}},{"start":{"line":300,"column":28},"end":{"line":300,"column":146}}],"line":300},"10":{"loc":{"start":{"line":303,"column":13},"end":{"line":362,"column":13}},"type":"binary-expr","locations":[{"start":{"line":303,"column":13},"end":{"line":303,"column":29}},{"start":{"line":304,"column":16},"end":{"line":361,"column":22}}],"line":303},"11":{"loc":{"start":{"line":365,"column":17},"end":{"line":365,"column":125}},"type":"binary-expr","locations":[{"start":{"line":365,"column":17},"end":{"line":365,"column":25}},{"start":{"line":365,"column":30},"end":{"line":365,"column":124}}],"line":365},"12":{"loc":{"start":{"line":385,"column":32},"end":{"line":414,"column":33}},"type":"binary-expr","locations":[{"start":{"line":385,"column":33},"end":{"line":385,"column":56}},{"start":{"line":386,"column":36},"end":{"line":413,"column":38}}],"line":385},"13":{"loc":{"start":{"line":420,"column":13},"end":{"line":429,"column":13}},"type":"binary-expr","locations":[{"start":{"line":420,"column":13},"end":{"line":420,"column":35}},{"start":{"line":421,"column":16},"end":{"line":428,"column":18}}],"line":420},"14":{"loc":{"start":{"line":430,"column":13},"end":{"line":439,"column":13}},"type":"binary-expr","locations":[{"start":{"line":430,"column":13},"end":{"line":430,"column":28}},{"start":{"line":431,"column":16},"end":{"line":438,"column":18}}],"line":430},"15":{"loc":{"start":{"line":440,"column":13},"end":{"line":440,"column":83}},"type":"binary-expr","locations":[{"start":{"line":440,"column":13},"end":{"line":440,"column":29}},{"start":{"line":440,"column":33},"end":{"line":440,"column":83}}],"line":440},"16":{"loc":{"start":{"line":465,"column":32},"end":{"line":474,"column":33}},"type":"if","locations":[{"start":{"line":465,"column":32},"end":{"line":474,"column":33}},{"start":{},"end":{}}],"line":465}},"s":{"0":4,"1":4,"2":4,"3":4,"4":4,"5":10,"6":4,"7":10,"8":4,"9":4,"10":4,"11":4,"12":4,"13":4,"14":4,"15":4,"16":4,"17":4,"18":0,"19":4,"20":4,"21":0,"22":4,"23":4,"24":0,"25":4,"26":4,"27":4,"28":4,"29":4,"30":4,"31":4,"32":4,"33":4,"34":4,"35":4,"36":4,"37":4,"38":4,"39":4,"40":4,"41":0,"42":0,"43":4,"44":4,"45":4,"46":0,"47":0,"48":0,"49":0,"50":4,"51":0,"52":0,"53":0,"54":4,"55":0,"56":0,"57":0,"58":0,"59":0,"60":4,"61":0,"62":0,"63":0,"64":4,"65":0,"66":0,"67":0,"68":0,"69":4,"70":0,"71":0,"72":0,"73":0,"74":0,"75":0,"76":4,"77":0,"78":4,"79":2,"80":2,"81":4,"82":0,"83":0,"84":0,"85":0,"86":0,"87":0,"88":0,"89":0,"90":0,"91":0,"92":0,"93":0,"94":0,"95":0,"96":0,"97":0,"98":0,"99":0,"100":0,"101":0,"102":0,"103":0,"104":0,"105":0,"106":0,"107":0,"108":0,"109":0,"110":0},"f":{"0":4,"1":10,"2":10,"3":0,"4":0,"5":0,"6":0,"7":0,"8":0,"9":0,"10":0,"11":2,"12":0,"13":0,"14":0,"15":0,"16":0,"17":0,"18":0,"19":0,"20":0,"21":0,"22":0,"23":0,"24":0,"25":0,"26":0,"27":0,"28":0,"29":0,"30":0,"31":0},"b":{"0":[4,0],"1":[0,4],"2":[0,4],"3":[0,0],"4":[0,0],"5":[4,0,0],"6":[0,0],"7":[4,0,0],"8":[0,0],"9":[4,0],"10":[4,0],"11":[4,4],"12":[4,0],"13":[4,0],"14":[4,0],"15":[4,0],"16":[0,0]},"_coverageSchema":"1a1c01bbd47fc00a2c39e90264f33305004495a9","hash":"b4086dab60d1f2202e077ebe3cedd8c090b6c2b3"}
,"E:\\INTERN\\Ariso\\version3\\Task-Manager-Application\\client\\src\\store\\task-slice.ts": {"path":"E:\\INTERN\\Ariso\\version3\\Task-Manager-Application\\client\\src\\store\\task-slice.ts","statementMap":{"0":{"start":{"line":30,"column":33},"end":{"line":36,"column":1}},"1":{"start":{"line":43,"column":25},"end":{"line":66,"column":1}},"2":{"start":{"line":46,"column":18},"end":{"line":46,"column":51}},"3":{"start":{"line":47,"column":4},"end":{"line":47,"column":39}},"4":{"start":{"line":48,"column":18},"end":{"line":48,"column":50}},"5":{"start":{"line":49,"column":21},"end":{"line":56,"column":5}},"6":{"start":{"line":58,"column":4},"end":{"line":58,"column":48}},"7":{"start":{"line":59,"column":4},"end":{"line":61,"column":5}},"8":{"start":{"line":60,"column":6},"end":{"line":60,"column":42}},"9":{"start":{"line":62,"column":4},"end":{"line":62,"column":41}},"10":{"start":{"line":64,"column":4},"end":{"line":64,"column":14}},"11":{"start":{"line":68,"column":18},"end":{"line":213,"column":2}},"12":{"start":{"line":73,"column":6},"end":{"line":76,"column":8}},"13":{"start":{"line":77,"column":6},"end":{"line":77,"column":19}},"14":{"start":{"line":80,"column":6},"end":{"line":80,"column":59}},"15":{"start":{"line":82,"column":6},"end":{"line":82,"column":19}},"16":{"start":{"line":86,"column":6},"end":{"line":93,"column":8}},"17":{"start":{"line":90,"column":12},"end":{"line":91,"column":38}},"18":{"start":{"line":94,"column":6},"end":{"line":94,"column":19}},"19":{"start":{"line":97,"column":6},"end":{"line":109,"column":8}},"20":{"start":{"line":101,"column":12},"end":{"line":107,"column":50}},"21":{"start":{"line":110,"column":6},"end":{"line":130,"column":7}},"22":{"start":{"line":111,"column":8},"end":{"line":114,"column":10}},"23":{"start":{"line":115,"column":13},"end":{"line":130,"column":7}},"24":{"start":{"line":116,"column":8},"end":{"line":119,"column":10}},"25":{"start":{"line":120,"column":13},"end":{"line":130,"column":7}},"26":{"start":{"line":121,"column":8},"end":{"line":124,"column":10}},"27":{"start":{"line":126,"column":8},"end":{"line":129,"column":10}},"28":{"start":{"line":132,"column":6},"end":{"line":132,"column":19}},"29":{"start":{"line":145,"column":8},"end":{"line":145,"column":22}},"30":{"start":{"line":146,"column":28},"end":{"line":166,"column":8}},"31":{"start":{"line":147,"column":25},"end":{"line":147,"column":59}},"32":{"start":{"line":148,"column":29},"end":{"line":148,"column":63}},"33":{"start":{"line":149,"column":27},"end":{"line":149,"column":59}},"34":{"start":{"line":150,"column":8},"end":{"line":150,"column":57}},"35":{"start":{"line":151,"column":8},"end":{"line":151,"column":53}},"36":{"start":{"line":153,"column":10},"end":{"line":154,"column":32}},"37":{"start":{"line":155,"column":26},"end":{"line":155,"column":51}},"38":{"start":{"line":156,"column":8},"end":{"line":156,"column":44}},"39":{"start":{"line":157,"column":8},"end":{"line":165,"column":10}},"40":{"start":{"line":167,"column":27},"end":{"line":167,"column":61}},"41":{"start":{"line":168,"column":25},"end":{"line":168,"column":57}},"42":{"start":{"line":169,"column":6},"end":{"line":169,"column":55}},"43":{"start":{"line":170,"column":6},"end":{"line":170,"column":51}},"44":{"start":{"line":171,"column":6},"end":{"line":180,"column":8}},"45":{"start":{"line":182,"column":6},"end":{"line":182,"column":19}},"46":{"start":{"line":186,"column":4},"end":{"line":191,"column":7}},"47":{"start":{"line":187,"column":6},"end":{"line":187,"column":37}},"48":{"start":{"line":188,"column":6},"end":{"line":188,"column":39}},"49":{"start":{"line":189,"column":6},"end":{"line":189,"column":59}},"50":{"start":{"line":190,"column":6},"end":{"line":190,"column":19}},"51":{"start":{"line":193,"column":4},"end":{"line":211,"column":6}},"52":{"start":{"line":196,"column":8},"end":{"line":196,"column":44}},"53":{"start":{"line":197,"column":8},"end":{"line":207,"column":10}},"54":{"start":{"line":202,"column":14},"end":{"line":205,"column":45}},"55":{"start":{"line":208,"column":8},"end":{"line":208,"column":61}},"56":{"start":{"line":209,"column":8},"end":{"line":209,"column":21}},"57":{"start":{"line":215,"column":27},"end":{"line":215,"column":44}}},"fnMap":{"0":{"name":"(anonymous_0)","decl":{"start":{"line":45,"column":2},"end":{"line":45,"column":3}},"loc":{"start":{"line":45,"column":63},"end":{"line":65,"column":3}},"line":45},"1":{"name":"(anonymous_1)","decl":{"start":{"line":72,"column":4},"end":{"line":72,"column":5}},"loc":{"start":{"line":72,"column":51},"end":{"line":78,"column":5}},"line":72},"2":{"name":"(anonymous_2)","decl":{"start":{"line":79,"column":4},"end":{"line":79,"column":5}},"loc":{"start":{"line":79,"column":60},"end":{"line":83,"column":5}},"line":79},"3":{"name":"(anonymous_3)","decl":{"start":{"line":85,"column":4},"end":{"line":85,"column":5}},"loc":{"start":{"line":85,"column":29},"end":{"line":95,"column":5}},"line":85},"4":{"name":"(anonymous_4)","decl":{"start":{"line":89,"column":10},"end":{"line":89,"column":11}},"loc":{"start":{"line":90,"column":12},"end":{"line":91,"column":38}},"line":90},"5":{"name":"(anonymous_5)","decl":{"start":{"line":96,"column":4},"end":{"line":96,"column":5}},"loc":{"start":{"line":96,"column":69},"end":{"line":133,"column":5}},"line":96},"6":{"name":"(anonymous_6)","decl":{"start":{"line":100,"column":10},"end":{"line":100,"column":11}},"loc":{"start":{"line":101,"column":12},"end":{"line":107,"column":50}},"line":101},"7":{"name":"(anonymous_7)","decl":{"start":{"line":135,"column":4},"end":{"line":135,"column":5}},"loc":{"start":{"line":143,"column":6},"end":{"line":183,"column":5}},"line":143},"8":{"name":"(anonymous_8)","decl":{"start":{"line":146,"column":51},"end":{"line":146,"column":52}},"loc":{"start":{"line":146,"column":61},"end":{"line":166,"column":7}},"line":146},"9":{"name":"(anonymous_9)","decl":{"start":{"line":185,"column":17},"end":{"line":185,"column":18}},"loc":{"start":{"line":185,"column":30},"end":{"line":212,"column":3}},"line":185},"10":{"name":"(anonymous_10)","decl":{"start":{"line":186,"column":41},"end":{"line":186,"column":42}},"loc":{"start":{"line":186,"column":60},"end":{"line":191,"column":5}},"line":186},"11":{"name":"(anonymous_11)","decl":{"start":{"line":195,"column":6},"end":{"line":195,"column":7}},"loc":{"start":{"line":195,"column":30},"end":{"line":210,"column":7}},"line":195},"12":{"name":"(anonymous_12)","decl":{"start":{"line":201,"column":12},"end":{"line":201,"column":13}},"loc":{"start":{"line":202,"column":14},"end":{"line":205,"column":45}},"line":202}},"branchMap":{"0":{"loc":{"start":{"line":59,"column":4},"end":{"line":61,"column":5}},"type":"if","locations":[{"start":{"line":59,"column":4},"end":{"line":61,"column":5}},{"start":{},"end":{}}],"line":59},"1":{"loc":{"start":{"line":90,"column":12},"end":{"line":91,"column":38}},"type":"binary-expr","locations":[{"start":{"line":90,"column":12},"end":{"line":90,"column":73}},{"start":{"line":91,"column":12},"end":{"line":91,"column":38}}],"line":90},"2":{"loc":{"start":{"line":101,"column":12},"end":{"line":107,"column":50}},"type":"binary-expr","locations":[{"start":{"line":101,"column":12},"end":{"line":103,"column":64}},{"start":{"line":104,"column":14},"end":{"line":104,"column":42}},{"start":{"line":104,"column":46},"end":{"line":104,"column":62}},{"start":{"line":105,"column":15},"end":{"line":105,"column":46}},{"start":{"line":105,"column":50},"end":{"line":105,"column":67}},{"start":{"line":106,"column":15},"end":{"line":106,"column":44}},{"start":{"line":107,"column":16},"end":{"line":107,"column":48}}],"line":101},"3":{"loc":{"start":{"line":110,"column":6},"end":{"line":130,"column":7}},"type":"if","locations":[{"start":{"line":110,"column":6},"end":{"line":130,"column":7}},{"start":{"line":115,"column":13},"end":{"line":130,"column":7}}],"line":110},"4":{"loc":{"start":{"line":110,"column":10},"end":{"line":110,"column":73}},"type":"binary-expr","locations":[{"start":{"line":110,"column":10},"end":{"line":110,"column":38}},{"start":{"line":110,"column":42},"end":{"line":110,"column":73}}],"line":110},"5":{"loc":{"start":{"line":115,"column":13},"end":{"line":130,"column":7}},"type":"if","locations":[{"start":{"line":115,"column":13},"end":{"line":130,"column":7}},{"start":{"line":120,"column":13},"end":{"line":130,"column":7}}],"line":115},"6":{"loc":{"start":{"line":120,"column":13},"end":{"line":130,"column":7}},"type":"if","locations":[{"start":{"line":120,"column":13},"end":{"line":130,"column":7}},{"start":{"line":125,"column":13},"end":{"line":130,"column":7}}],"line":120},"7":{"loc":{"start":{"line":153,"column":10},"end":{"line":154,"column":32}},"type":"binary-expr","locations":[{"start":{"line":153,"column":10},"end":{"line":153,"column":56}},{"start":{"line":154,"column":10},"end":{"line":154,"column":32}}],"line":153},"8":{"loc":{"start":{"line":158,"column":10},"end":{"line":164,"column":50}},"type":"binary-expr","locations":[{"start":{"line":158,"column":11},"end":{"line":158,"column":22}},{"start":{"line":158,"column":26},"end":{"line":158,"column":35}},{"start":{"line":159,"column":10},"end":{"line":161,"column":47}},{"start":{"line":162,"column":12},"end":{"line":162,"column":25}},{"start":{"line":162,"column":29},"end":{"line":162,"column":45}},{"start":{"line":163,"column":13},"end":{"line":163,"column":29}},{"start":{"line":163,"column":33},"end":{"line":163,"column":50}},{"start":{"line":164,"column":13},"end":{"line":164,"column":27}},{"start":{"line":164,"column":31},"end":{"line":164,"column":48}}],"line":158},"9":{"loc":{"start":{"line":175,"column":10},"end":{"line":179,"column":62}},"type":"cond-expr","locations":[{"start":{"line":176,"column":14},"end":{"line":178,"column":62}},{"start":{"line":179,"column":14},"end":{"line":179,"column":62}}],"line":175},"10":{"loc":{"start":{"line":202,"column":14},"end":{"line":205,"column":45}},"type":"binary-expr","locations":[{"start":{"line":202,"column":14},"end":{"line":205,"column":15}},{"start":{"line":205,"column":19},"end":{"line":205,"column":45}}],"line":202}},"s":{"0":7,"1":7,"2":0,"3":0,"4":0,"5":0,"6":0,"7":0,"8":0,"9":0,"10":0,"11":7,"12":9,"13":9,"14":0,"15":0,"16":2,"17":8,"18":2,"19":5,"20":12,"21":5,"22":1,"23":4,"24":1,"25":3,"26":1,"27":2,"28":5,"29":3,"30":3,"31":14,"32":14,"33":14,"34":14,"35":14,"36":14,"37":14,"38":14,"39":14,"40":3,"41":3,"42":3,"43":3,"44":3,"45":3,"46":5,"47":0,"48":0,"49":0,"50":0,"51":5,"52":0,"53":0,"54":0,"55":0,"56":0,"57":7},"f":{"0":0,"1":9,"2":0,"3":2,"4":8,"5":5,"6":12,"7":3,"8":14,"9":5,"10":0,"11":0,"12":0},"b":{"0":[0,0],"1":[8,3],"2":[12,12,8,8,6,3,1],"3":[1,4],"4":[5,2],"5":[1,3],"6":[1,2],"7":[14,14],"8":[14,2,12,12,7,9,6,5,2],"9":[3,0],"10":[0,0]},"_coverageSchema":"1a1c01bbd47fc00a2c39e90264f33305004495a9","hash":"a76aef76e9e64d7060d030f9666ad35fd957ffbd"}
}
