{"E:\\INTERN\\Ariso\\version3\\Task-Manager-Application\\client\\src\\store\\task-slice.ts": {"path":"E:\\INTERN\\Ariso\\version3\\Task-Manager-Application\\client\\src\\store\\task-slice.ts","statementMap":{"0":{"start":{"line":30,"column":33},"end":{"line":36,"column":1}},"1":{"start":{"line":43,"column":25},"end":{"line":66,"column":1}},"2":{"start":{"line":46,"column":18},"end":{"line":46,"column":51}},"3":{"start":{"line":47,"column":4},"end":{"line":47,"column":39}},"4":{"start":{"line":48,"column":18},"end":{"line":48,"column":50}},"5":{"start":{"line":49,"column":21},"end":{"line":56,"column":5}},"6":{"start":{"line":58,"column":4},"end":{"line":58,"column":48}},"7":{"start":{"line":59,"column":4},"end":{"line":61,"column":5}},"8":{"start":{"line":60,"column":6},"end":{"line":60,"column":42}},"9":{"start":{"line":62,"column":4},"end":{"line":62,"column":41}},"10":{"start":{"line":64,"column":4},"end":{"line":64,"column":14}},"11":{"start":{"line":68,"column":18},"end":{"line":212,"column":2}},"12":{"start":{"line":73,"column":6},"end":{"line":76,"column":8}},"13":{"start":{"line":77,"column":6},"end":{"line":77,"column":19}},"14":{"start":{"line":80,"column":6},"end":{"line":80,"column":59}},"15":{"start":{"line":82,"column":6},"end":{"line":82,"column":19}},"16":{"start":{"line":86,"column":6},"end":{"line":93,"column":8}},"17":{"start":{"line":90,"column":12},"end":{"line":91,"column":38}},"18":{"start":{"line":94,"column":6},"end":{"line":94,"column":19}},"19":{"start":{"line":97,"column":6},"end":{"line":109,"column":8}},"20":{"start":{"line":101,"column":12},"end":{"line":107,"column":50}},"21":{"start":{"line":110,"column":6},"end":{"line":130,"column":7}},"22":{"start":{"line":111,"column":8},"end":{"line":114,"column":10}},"23":{"start":{"line":115,"column":13},"end":{"line":130,"column":7}},"24":{"start":{"line":116,"column":8},"end":{"line":119,"column":10}},"25":{"start":{"line":120,"column":13},"end":{"line":130,"column":7}},"26":{"start":{"line":121,"column":8},"end":{"line":124,"column":10}},"27":{"start":{"line":126,"column":8},"end":{"line":129,"column":10}},"28":{"start":{"line":132,"column":6},"end":{"line":132,"column":19}},"29":{"start":{"line":145,"column":8},"end":{"line":145,"column":22}},"30":{"start":{"line":146,"column":28},"end":{"line":166,"column":8}},"31":{"start":{"line":147,"column":25},"end":{"line":147,"column":59}},"32":{"start":{"line":148,"column":29},"end":{"line":148,"column":63}},"33":{"start":{"line":149,"column":27},"end":{"line":149,"column":59}},"34":{"start":{"line":150,"column":8},"end":{"line":150,"column":57}},"35":{"start":{"line":151,"column":8},"end":{"line":151,"column":53}},"36":{"start":{"line":153,"column":10},"end":{"line":154,"column":32}},"37":{"start":{"line":155,"column":26},"end":{"line":155,"column":51}},"38":{"start":{"line":156,"column":8},"end":{"line":156,"column":44}},"39":{"start":{"line":157,"column":8},"end":{"line":165,"column":10}},"40":{"start":{"line":167,"column":27},"end":{"line":167,"column":61}},"41":{"start":{"line":168,"column":25},"end":{"line":168,"column":57}},"42":{"start":{"line":169,"column":6},"end":{"line":169,"column":55}},"43":{"start":{"line":170,"column":6},"end":{"line":170,"column":51}},"44":{"start":{"line":171,"column":6},"end":{"line":180,"column":8}},"45":{"start":{"line":182,"column":6},"end":{"line":182,"column":19}},"46":{"start":{"line":186,"column":4},"end":{"line":190,"column":7}},"47":{"start":{"line":187,"column":6},"end":{"line":187,"column":37}},"48":{"start":{"line":188,"column":6},"end":{"line":188,"column":39}},"49":{"start":{"line":189,"column":6},"end":{"line":189,"column":19}},"50":{"start":{"line":192,"column":4},"end":{"line":210,"column":6}},"51":{"start":{"line":195,"column":8},"end":{"line":195,"column":44}},"52":{"start":{"line":196,"column":8},"end":{"line":206,"column":10}},"53":{"start":{"line":201,"column":14},"end":{"line":204,"column":45}},"54":{"start":{"line":207,"column":8},"end":{"line":207,"column":61}},"55":{"start":{"line":208,"column":8},"end":{"line":208,"column":21}},"56":{"start":{"line":214,"column":27},"end":{"line":214,"column":44}}},"fnMap":{"0":{"name":"(anonymous_0)","decl":{"start":{"line":45,"column":2},"end":{"line":45,"column":3}},"loc":{"start":{"line":45,"column":63},"end":{"line":65,"column":3}},"line":45},"1":{"name":"(anonymous_1)","decl":{"start":{"line":72,"column":4},"end":{"line":72,"column":5}},"loc":{"start":{"line":72,"column":51},"end":{"line":78,"column":5}},"line":72},"2":{"name":"(anonymous_2)","decl":{"start":{"line":79,"column":4},"end":{"line":79,"column":5}},"loc":{"start":{"line":79,"column":60},"end":{"line":83,"column":5}},"line":79},"3":{"name":"(anonymous_3)","decl":{"start":{"line":85,"column":4},"end":{"line":85,"column":5}},"loc":{"start":{"line":85,"column":29},"end":{"line":95,"column":5}},"line":85},"4":{"name":"(anonymous_4)","decl":{"start":{"line":89,"column":10},"end":{"line":89,"column":11}},"loc":{"start":{"line":90,"column":12},"end":{"line":91,"column":38}},"line":90},"5":{"name":"(anonymous_5)","decl":{"start":{"line":96,"column":4},"end":{"line":96,"column":5}},"loc":{"start":{"line":96,"column":69},"end":{"line":133,"column":5}},"line":96},"6":{"name":"(anonymous_6)","decl":{"start":{"line":100,"column":10},"end":{"line":100,"column":11}},"loc":{"start":{"line":101,"column":12},"end":{"line":107,"column":50}},"line":101},"7":{"name":"(anonymous_7)","decl":{"start":{"line":135,"column":4},"end":{"line":135,"column":5}},"loc":{"start":{"line":143,"column":6},"end":{"line":183,"column":5}},"line":143},"8":{"name":"(anonymous_8)","decl":{"start":{"line":146,"column":51},"end":{"line":146,"column":52}},"loc":{"start":{"line":146,"column":61},"end":{"line":166,"column":7}},"line":146},"9":{"name":"(anonymous_9)","decl":{"start":{"line":185,"column":17},"end":{"line":185,"column":18}},"loc":{"start":{"line":185,"column":30},"end":{"line":211,"column":3}},"line":185},"10":{"name":"(anonymous_10)","decl":{"start":{"line":186,"column":41},"end":{"line":186,"column":42}},"loc":{"start":{"line":186,"column":60},"end":{"line":190,"column":5}},"line":186},"11":{"name":"(anonymous_11)","decl":{"start":{"line":194,"column":6},"end":{"line":194,"column":7}},"loc":{"start":{"line":194,"column":30},"end":{"line":209,"column":7}},"line":194},"12":{"name":"(anonymous_12)","decl":{"start":{"line":200,"column":12},"end":{"line":200,"column":13}},"loc":{"start":{"line":201,"column":14},"end":{"line":204,"column":45}},"line":201}},"branchMap":{"0":{"loc":{"start":{"line":59,"column":4},"end":{"line":61,"column":5}},"type":"if","locations":[{"start":{"line":59,"column":4},"end":{"line":61,"column":5}},{"start":{},"end":{}}],"line":59},"1":{"loc":{"start":{"line":90,"column":12},"end":{"line":91,"column":38}},"type":"binary-expr","locations":[{"start":{"line":90,"column":12},"end":{"line":90,"column":73}},{"start":{"line":91,"column":12},"end":{"line":91,"column":38}}],"line":90},"2":{"loc":{"start":{"line":101,"column":12},"end":{"line":107,"column":50}},"type":"binary-expr","locations":[{"start":{"line":101,"column":12},"end":{"line":103,"column":64}},{"start":{"line":104,"column":14},"end":{"line":104,"column":42}},{"start":{"line":104,"column":46},"end":{"line":104,"column":62}},{"start":{"line":105,"column":15},"end":{"line":105,"column":46}},{"start":{"line":105,"column":50},"end":{"line":105,"column":67}},{"start":{"line":106,"column":15},"end":{"line":106,"column":44}},{"start":{"line":107,"column":16},"end":{"line":107,"column":48}}],"line":101},"3":{"loc":{"start":{"line":110,"column":6},"end":{"line":130,"column":7}},"type":"if","locations":[{"start":{"line":110,"column":6},"end":{"line":130,"column":7}},{"start":{"line":115,"column":13},"end":{"line":130,"column":7}}],"line":110},"4":{"loc":{"start":{"line":110,"column":10},"end":{"line":110,"column":73}},"type":"binary-expr","locations":[{"start":{"line":110,"column":10},"end":{"line":110,"column":38}},{"start":{"line":110,"column":42},"end":{"line":110,"column":73}}],"line":110},"5":{"loc":{"start":{"line":115,"column":13},"end":{"line":130,"column":7}},"type":"if","locations":[{"start":{"line":115,"column":13},"end":{"line":130,"column":7}},{"start":{"line":120,"column":13},"end":{"line":130,"column":7}}],"line":115},"6":{"loc":{"start":{"line":120,"column":13},"end":{"line":130,"column":7}},"type":"if","locations":[{"start":{"line":120,"column":13},"end":{"line":130,"column":7}},{"start":{"line":125,"column":13},"end":{"line":130,"column":7}}],"line":120},"7":{"loc":{"start":{"line":153,"column":10},"end":{"line":154,"column":32}},"type":"binary-expr","locations":[{"start":{"line":153,"column":10},"end":{"line":153,"column":56}},{"start":{"line":154,"column":10},"end":{"line":154,"column":32}}],"line":153},"8":{"loc":{"start":{"line":158,"column":10},"end":{"line":164,"column":50}},"type":"binary-expr","locations":[{"start":{"line":158,"column":11},"end":{"line":158,"column":22}},{"start":{"line":158,"column":26},"end":{"line":158,"column":35}},{"start":{"line":159,"column":10},"end":{"line":161,"column":47}},{"start":{"line":162,"column":12},"end":{"line":162,"column":25}},{"start":{"line":162,"column":29},"end":{"line":162,"column":45}},{"start":{"line":163,"column":13},"end":{"line":163,"column":29}},{"start":{"line":163,"column":33},"end":{"line":163,"column":50}},{"start":{"line":164,"column":13},"end":{"line":164,"column":27}},{"start":{"line":164,"column":31},"end":{"line":164,"column":48}}],"line":158},"9":{"loc":{"start":{"line":175,"column":10},"end":{"line":179,"column":62}},"type":"cond-expr","locations":[{"start":{"line":176,"column":14},"end":{"line":178,"column":62}},{"start":{"line":179,"column":14},"end":{"line":179,"column":62}}],"line":175},"10":{"loc":{"start":{"line":201,"column":14},"end":{"line":204,"column":45}},"type":"binary-expr","locations":[{"start":{"line":201,"column":14},"end":{"line":204,"column":15}},{"start":{"line":204,"column":19},"end":{"line":204,"column":45}}],"line":201}},"s":{"0":1,"1":1,"2":0,"3":0,"4":0,"5":0,"6":0,"7":0,"8":0,"9":0,"10":0,"11":1,"12":2,"13":2,"14":0,"15":0,"16":0,"17":0,"18":0,"19":1,"20":4,"21":1,"22":0,"23":1,"24":1,"25":0,"26":0,"27":0,"28":1,"29":1,"30":1,"31":0,"32":0,"33":0,"34":0,"35":0,"36":0,"37":0,"38":0,"39":0,"40":1,"41":1,"42":1,"43":1,"44":1,"45":1,"46":1,"47":0,"48":0,"49":0,"50":1,"51":0,"52":0,"53":0,"54":0,"55":0,"56":1},"f":{"0":0,"1":2,"2":0,"3":0,"4":0,"5":1,"6":4,"7":1,"8":0,"9":1,"10":0,"11":0,"12":0},"b":{"0":[0,0],"1":[0,0],"2":[4,4,0,4,4,1,1],"3":[0,1],"4":[1,0],"5":[1,0],"6":[0,0],"7":[0,0],"8":[0,0,0,0,0,0,0,0,0],"9":[0,1],"10":[0,0]},"_coverageSchema":"1a1c01bbd47fc00a2c39e90264f33305004495a9","hash":"eb5aafe450d4df2b5b49726dba239bc3c324d5ff"}
,"E:\\INTERN\\Ariso\\version3\\Task-Manager-Application\\client\\src\\store\\fetures\\task-api.ts": {"path":"E:\\INTERN\\Ariso\\version3\\Task-Manager-Application\\client\\src\\store\\fetures\\task-api.ts","statementMap":{"0":{"start":{"line":55,"column":23},"end":{"line":108,"column":2}},"1":{"start":{"line":60,"column":20},"end":{"line":60,"column":53}},"2":{"start":{"line":61,"column":6},"end":{"line":61,"column":54}},"3":{"start":{"line":62,"column":6},"end":{"line":62,"column":21}},"4":{"start":{"line":66,"column":27},"end":{"line":107,"column":3}},"5":{"start":{"line":72,"column":8},"end":{"line":72,"column":55}},"6":{"start":{"line":79,"column":24},"end":{"line":83,"column":7}},"7":{"start":{"line":87,"column":25},"end":{"line":87,"column":50}},"8":{"start":{"line":94,"column":45},"end":{"line":98,"column":7}},"9":{"start":{"line":102,"column":26},"end":{"line":105,"column":7}},"10":{"start":{"line":116,"column":4},"end":{"line":116,"column":11}}},"fnMap":{"0":{"name":"(anonymous_0)","decl":{"start":{"line":59,"column":20},"end":{"line":59,"column":21}},"loc":{"start":{"line":59,"column":33},"end":{"line":63,"column":5}},"line":59},"1":{"name":"(anonymous_1)","decl":{"start":{"line":66,"column":13},"end":{"line":66,"column":14}},"loc":{"start":{"line":66,"column":27},"end":{"line":107,"column":3}},"line":66},"2":{"name":"(anonymous_2)","decl":{"start":{"line":71,"column":13},"end":{"line":71,"column":14}},"loc":{"start":{"line":72,"column":8},"end":{"line":72,"column":55}},"line":72},"3":{"name":"(anonymous_3)","decl":{"start":{"line":79,"column":13},"end":{"line":79,"column":14}},"loc":{"start":{"line":79,"column":24},"end":{"line":83,"column":7}},"line":79},"4":{"name":"(anonymous_4)","decl":{"start":{"line":87,"column":13},"end":{"line":87,"column":14}},"loc":{"start":{"line":87,"column":25},"end":{"line":87,"column":50}},"line":87},"5":{"name":"(anonymous_5)","decl":{"start":{"line":94,"column":13},"end":{"line":94,"column":14}},"loc":{"start":{"line":94,"column":45},"end":{"line":98,"column":7}},"line":94},"6":{"name":"(anonymous_6)","decl":{"start":{"line":102,"column":13},"end":{"line":102,"column":14}},"loc":{"start":{"line":102,"column":26},"end":{"line":105,"column":7}},"line":102}},"branchMap":{},"s":{"0":1,"1":0,"2":0,"3":0,"4":1,"5":0,"6":0,"7":0,"8":0,"9":0,"10":1},"f":{"0":0,"1":1,"2":0,"3":0,"4":0,"5":0,"6":0},"b":{},"_coverageSchema":"1a1c01bbd47fc00a2c39e90264f33305004495a9","hash":"e6e3d432b38b9f048767861ff936db7b5970bae4"}
,"E:\\INTERN\\Ariso\\version3\\Task-Manager-Application\\client\\src\\utils\\Functions.ts": {"path":"E:\\INTERN\\Ariso\\version3\\Task-Manager-Application\\client\\src\\utils\\Functions.ts","statementMap":{"0":{"start":{"line":2,"column":2},"end":{"line":6,"column":3}},"1":{"start":{"line":3,"column":4},"end":{"line":3,"column":77}},"2":{"start":{"line":5,"column":4},"end":{"line":5,"column":76}},"3":{"start":{"line":9,"column":22},"end":{"line":9,"column":37}},"4":{"start":{"line":10,"column":22},"end":{"line":10,"column":37}},"5":{"start":{"line":11,"column":2},"end":{"line":11,"column":35}}},"fnMap":{"0":{"name":"formatDate","decl":{"start":{"line":1,"column":16},"end":{"line":1,"column":26}},"loc":{"start":{"line":1,"column":47},"end":{"line":7,"column":1}},"line":1},"1":{"name":"compareDates","decl":{"start":{"line":8,"column":16},"end":{"line":8,"column":28}},"loc":{"start":{"line":8,"column":68},"end":{"line":12,"column":1}},"line":8}},"branchMap":{"0":{"loc":{"start":{"line":2,"column":2},"end":{"line":6,"column":3}},"type":"if","locations":[{"start":{"line":2,"column":2},"end":{"line":6,"column":3}},{"start":{"line":4,"column":9},"end":{"line":6,"column":3}}],"line":2}},"s":{"0":0,"1":0,"2":0,"3":0,"4":0,"5":0},"f":{"0":0,"1":0},"b":{"0":[0,0]},"_coverageSchema":"1a1c01bbd47fc00a2c39e90264f33305004495a9","hash":"dd409f96a2d71716968d8b99cdc62fad4b33edfc"}
}
