TN:
SF:src\Layout\Layout.tsx
FN:13,(anonymous_0)
FN:20,(anonymous_1)
FN:24,(anonymous_2)
FN:32,(anonymous_3)
FN:48,(anonymous_4)
FNF:5
FNH:2
FNDA:10,(anonymous_0)
FNDA:0,(anonymous_1)
FNDA:0,(anonymous_2)
FNDA:0,(anonymous_3)
FNDA:6,(anonymous_4)
DA:13,4
DA:14,10
DA:17,10
DA:18,10
DA:20,10
DA:22,0
DA:24,10
DA:26,0
DA:32,10
DA:36,0
DA:37,0
DA:38,0
DA:39,0
DA:40,0
DA:42,0
DA:46,10
DA:50,6
DA:51,0
LF:18
LH:9
BRDA:36,0,0,0
BRDA:36,0,1,0
BRDA:50,1,0,0
BRDA:50,1,1,6
BRDA:54,2,0,0
BRDA:54,2,1,10
BRDA:65,3,0,10
BRDA:65,3,1,0
BRF:8
BRH:3
end_of_record
TN:
SF:src\__test__\store\customProvider\store-utills.tsx
FN:18,renderWithProviders
FN:28,Wrapper
FNF:2
FNH:0
FNDA:0,renderWithProviders
FNDA:0,Wrapper
DA:30,0
DA:35,0
LF:2
LH:0
BRDA:20,0,0,0
BRDA:21,1,0,0
BRDA:23,2,0,0
BRF:3
BRH:0
end_of_record
TN:
SF:src\components\Button.tsx
FN:6,(anonymous_0)
FNF:1
FNH:1
FNDA:2,(anonymous_0)
DA:6,2
DA:7,2
LF:2
LH:2
BRF:0
BRH:0
end_of_record
TN:
SF:src\components\NavBar\NavBar.tsx
FN:10,(anonymous_0)
FN:17,(anonymous_1)
FN:22,(anonymous_2)
FN:23,(anonymous_3)
FNF:4
FNH:3
FNDA:11,(anonymous_0)
FNDA:0,(anonymous_1)
FNDA:11,(anonymous_2)
FNDA:11,(anonymous_3)
DA:10,4
DA:11,11
DA:12,11
DA:13,11
DA:14,11
DA:18,0
DA:19,0
DA:22,11
DA:23,11
LF:9
LH:7
BRDA:22,0,0,1
BRDA:22,0,1,10
BRDA:23,1,0,1
BRDA:23,1,1,10
BRF:4
BRH:4
end_of_record
TN:
SF:src\components\sidebar\SideBar.tsx
FN:11,SideBar
FN:20,(anonymous_1)
FN:23,(anonymous_2)
FN:26,(anonymous_3)
FN:34,(anonymous_4)
FNF:5
FNH:5
FNDA:14,SideBar
FNDA:15,(anonymous_1)
FNDA:15,(anonymous_2)
FNDA:15,(anonymous_3)
FNDA:1,(anonymous_4)
DA:13,14
DA:21,15
DA:24,15
DA:27,15
DA:35,1
LF:5
LH:5
BRDA:21,0,0,0
BRDA:21,0,1,15
BRDA:21,1,0,0
BRDA:21,1,1,15
BRDA:24,2,0,0
BRDA:24,2,1,15
BRDA:24,3,0,4
BRDA:24,3,1,11
BRDA:27,4,0,0
BRDA:27,4,1,15
BRDA:27,5,0,1
BRDA:27,5,1,14
BRF:12
BRH:8
end_of_record
TN:
SF:src\components\taskoverlay\TaskOverlay.tsx
FN:45,(anonymous_0)
FN:55,(anonymous_1)
FN:97,(anonymous_2)
FN:108,(anonymous_3)
FN:127,(anonymous_4)
FNF:5
FNH:1
FNDA:1,(anonymous_0)
FNDA:0,(anonymous_1)
FNDA:0,(anonymous_2)
FNDA:0,(anonymous_3)
FNDA:0,(anonymous_4)
DA:9,4
DA:45,4
DA:46,1
DA:47,1
DA:54,1
DA:55,1
DA:56,0
DA:57,0
DA:58,0
DA:59,0
DA:61,0
DA:63,0
DA:64,0
DA:69,0
DA:71,0
DA:72,0
DA:73,0
DA:75,0
DA:78,0
DA:82,1
DA:98,0
DA:109,0
DA:128,0
DA:134,0
LF:24
LH:7
BRDA:57,0,0,0
BRDA:57,0,1,0
BRDA:57,1,0,0
BRDA:57,1,1,0
BRDA:65,2,0,0
BRDA:65,2,1,0
BRDA:67,3,0,0
BRDA:67,3,1,0
BRDA:72,4,0,0
BRDA:72,4,1,0
BRDA:72,5,0,0
BRDA:72,5,1,0
BRDA:73,6,0,0
BRDA:73,6,1,0
BRDA:113,7,0,1
BRDA:113,7,1,0
BRF:16
BRH:1
end_of_record
TN:
SF:src\pages\AboutUs.tsx
FN:3,AboutUs
FNF:1
FNH:1
FNDA:1,AboutUs
DA:4,1
LF:1
LH:1
BRF:0
BRH:0
end_of_record
TN:
SF:src\pages\ContactUs.tsx
FN:3,ContactUs
FNF:1
FNH:1
FNDA:1,ContactUs
DA:4,1
LF:1
LH:1
BRF:0
BRH:0
end_of_record
TN:
SF:src\pages\LoginForm.tsx
FN:15,(anonymous_0)
FN:28,(anonymous_1)
FNF:2
FNH:2
FNDA:18,(anonymous_0)
FNDA:1,(anonymous_1)
DA:15,2
DA:16,18
DA:18,18
DA:23,18
DA:25,18
DA:26,18
DA:28,18
DA:29,1
DA:31,1
DA:37,1
DA:38,1
DA:39,1
DA:40,1
DA:43,0
DA:44,0
DA:45,0
DA:46,0
DA:47,0
DA:48,0
DA:49,0
DA:51,0
DA:54,0
DA:55,0
DA:56,0
DA:58,0
DA:62,18
LF:26
LH:14
BRDA:37,0,0,1
BRDA:37,0,1,0
BRDA:54,1,0,0
BRDA:54,1,1,0
BRDA:54,2,0,0
BRDA:54,2,1,0
BRDA:81,3,0,18
BRDA:81,3,1,4
BRDA:99,4,0,18
BRDA:99,4,1,4
BRDA:107,5,0,18
BRDA:107,5,1,1
BRDA:108,6,0,18
BRDA:108,6,1,0
BRF:14
BRH:8
end_of_record
TN:
SF:src\pages\SignUp.tsx
FN:16,SignUp
FN:40,(anonymous_1)
FN:165,(anonymous_2)
FNF:3
FNH:2
FNDA:27,SignUp
FNDA:0,(anonymous_1)
FNDA:1,(anonymous_2)
DA:22,27
DA:23,27
DA:32,27
DA:34,27
DA:35,27
DA:37,27
DA:38,27
DA:40,27
DA:41,0
DA:42,0
DA:44,0
DA:53,0
DA:54,0
DA:55,0
DA:59,0
DA:60,0
DA:61,0
DA:62,0
DA:64,0
DA:70,27
DA:166,1
LF:21
LH:10
BRDA:60,0,0,0
BRDA:60,0,1,0
BRDA:60,1,0,0
BRDA:60,1,1,0
BRDA:94,2,0,27
BRDA:94,2,1,8
BRDA:111,3,0,27
BRDA:111,3,1,8
BRDA:128,4,0,27
BRDA:128,4,1,9
BRDA:149,5,0,27
BRDA:149,5,1,8
BRDA:166,6,0,1
BRDA:166,6,1,0
BRDA:172,7,0,27
BRDA:172,7,1,8
BRDA:185,8,0,27
BRDA:185,8,1,0
BRDA:186,9,0,27
BRDA:186,9,1,0
BRF:20
BRH:13
end_of_record
TN:
SF:src\pages\Task.tsx
FN:37,(anonymous_0)
FN:69,(anonymous_1)
FN:131,(anonymous_2)
FN:147,(anonymous_3)
FN:157,(anonymous_4)
FN:166,(anonymous_5)
FN:181,(anonymous_6)
FN:192,(anonymous_7)
FN:204,(anonymous_8)
FN:218,(anonymous_9)
FN:222,(anonymous_10)
FN:241,(anonymous_11)
FN:245,(anonymous_12)
FN:245,(anonymous_13)
FN:252,(anonymous_14)
FN:264,(anonymous_15)
FN:278,(anonymous_16)
FN:279,(anonymous_17)
FN:283,(anonymous_18)
FN:304,(anonymous_19)
FN:316,(anonymous_20)
FN:325,(anonymous_21)
FN:352,(anonymous_22)
FN:364,(anonymous_23)
FN:383,(anonymous_24)
FN:392,(anonymous_25)
FN:400,(anonymous_26)
FN:458,(anonymous_27)
FN:461,(anonymous_28)
FN:478,(anonymous_29)
FN:479,(anonymous_30)
FNF:31
FNH:0
FNDA:0,(anonymous_0)
FNDA:0,(anonymous_1)
FNDA:0,(anonymous_2)
FNDA:0,(anonymous_3)
FNDA:0,(anonymous_4)
FNDA:0,(anonymous_5)
FNDA:0,(anonymous_6)
FNDA:0,(anonymous_7)
FNDA:0,(anonymous_8)
FNDA:0,(anonymous_9)
FNDA:0,(anonymous_10)
FNDA:0,(anonymous_11)
FNDA:0,(anonymous_12)
FNDA:0,(anonymous_13)
FNDA:0,(anonymous_14)
FNDA:0,(anonymous_15)
FNDA:0,(anonymous_16)
FNDA:0,(anonymous_17)
FNDA:0,(anonymous_18)
FNDA:0,(anonymous_19)
FNDA:0,(anonymous_20)
FNDA:0,(anonymous_21)
FNDA:0,(anonymous_22)
FNDA:0,(anonymous_23)
FNDA:0,(anonymous_24)
FNDA:0,(anonymous_25)
FNDA:0,(anonymous_26)
FNDA:0,(anonymous_27)
FNDA:0,(anonymous_28)
FNDA:0,(anonymous_29)
FNDA:0,(anonymous_30)
DA:37,3
DA:38,0
DA:39,0
DA:42,0
DA:69,0
DA:70,0
DA:72,0
DA:73,0
DA:74,0
DA:75,0
DA:79,0
DA:80,0
DA:81,0
DA:82,0
DA:85,0
DA:86,0
DA:91,0
DA:96,0
DA:98,0
DA:99,0
DA:101,0
DA:103,0
DA:105,0
DA:109,0
DA:114,0
DA:115,0
DA:116,0
DA:117,0
DA:118,0
DA:122,0
DA:123,0
DA:124,0
DA:125,0
DA:126,0
DA:127,0
DA:128,0
DA:129,0
DA:130,0
DA:131,0
DA:132,0
DA:133,0
DA:138,0
DA:139,0
DA:147,0
DA:148,0
DA:149,0
DA:150,0
DA:153,0
DA:157,0
DA:158,0
DA:159,0
DA:162,0
DA:166,0
DA:167,0
DA:168,0
DA:169,0
DA:177,0
DA:178,0
DA:181,0
DA:182,0
DA:183,0
DA:186,0
DA:192,0
DA:196,0
DA:197,0
DA:198,0
DA:200,0
DA:204,0
DA:208,0
DA:209,0
DA:210,0
DA:211,0
DA:212,0
DA:214,0
DA:218,0
DA:219,0
DA:222,0
DA:224,0
DA:225,0
DA:232,0
DA:241,0
DA:245,0
DA:253,0
DA:265,0
DA:266,0
DA:278,0
DA:279,0
DA:284,0
DA:285,0
DA:286,0
DA:304,0
DA:316,0
DA:325,0
DA:352,0
DA:366,0
DA:385,0
DA:393,0
DA:401,0
DA:402,0
DA:461,0
DA:462,0
DA:464,0
DA:466,0
DA:479,0
DA:480,0
DA:484,0
DA:486,0
LF:107
LH:1
BRDA:85,0,0,0
BRDA:85,0,1,0
BRDA:98,1,0,0
BRDA:98,1,1,0
BRDA:103,2,0,0
BRDA:103,2,1,0
BRDA:196,3,0,0
BRDA:196,3,1,0
BRDA:208,4,0,0
BRDA:208,4,1,0
BRDA:249,5,0,0
BRDA:249,5,1,0
BRDA:249,5,2,0
BRDA:260,6,0,0
BRDA:260,6,1,0
BRDA:275,7,0,0
BRDA:275,7,1,0
BRDA:275,7,2,0
BRDA:289,8,0,0
BRDA:289,8,1,0
BRDA:297,9,0,0
BRDA:297,9,1,0
BRDA:300,10,0,0
BRDA:300,10,1,0
BRDA:362,11,0,0
BRDA:362,11,1,0
BRDA:382,12,0,0
BRDA:382,12,1,0
BRDA:417,13,0,0
BRDA:417,13,1,0
BRDA:427,14,0,0
BRDA:427,14,1,0
BRDA:437,15,0,0
BRDA:437,15,1,0
BRDA:462,16,0,0
BRDA:462,16,1,0
BRF:36
BRH:0
end_of_record
TN:
SF:src\pages\User.tsx
FN:1,(anonymous_0)
FNF:1
FNH:1
FNDA:3,(anonymous_0)
DA:1,2
DA:2,3
DA:3,3
DA:5,3
LF:4
LH:4
BRF:0
BRH:0
end_of_record
TN:
SF:src\store\index.ts
FN:13,(anonymous_0)
FN:21,(anonymous_1)
FNF:2
FNH:2
FNDA:3,(anonymous_0)
FNDA:3,(anonymous_1)
DA:13,3
DA:15,3
DA:22,3
LF:3
LH:3
BRF:0
BRH:0
end_of_record
TN:
SF:src\store\task-slice.ts
FN:45,(anonymous_0)
FN:72,(anonymous_1)
FN:79,(anonymous_2)
FN:85,(anonymous_3)
FN:89,(anonymous_4)
FN:96,(anonymous_5)
FN:100,(anonymous_6)
FN:135,(anonymous_7)
FN:146,(anonymous_8)
FN:185,(anonymous_9)
FN:186,(anonymous_10)
FN:194,(anonymous_11)
FN:200,(anonymous_12)
FNF:13
FNH:8
FNDA:0,(anonymous_0)
FNDA:9,(anonymous_1)
FNDA:0,(anonymous_2)
FNDA:2,(anonymous_3)
FNDA:8,(anonymous_4)
FNDA:3,(anonymous_5)
FNDA:12,(anonymous_6)
FNDA:3,(anonymous_7)
FNDA:14,(anonymous_8)
FNDA:4,(anonymous_9)
FNDA:0,(anonymous_10)
FNDA:0,(anonymous_11)
FNDA:0,(anonymous_12)
DA:30,6
DA:43,6
DA:46,0
DA:47,0
DA:48,0
DA:49,0
DA:58,0
DA:59,0
DA:60,0
DA:62,0
DA:64,0
DA:68,6
DA:73,9
DA:77,9
DA:80,0
DA:82,0
DA:86,2
DA:90,8
DA:94,2
DA:97,3
DA:101,12
DA:110,3
DA:111,1
DA:115,2
DA:116,1
DA:120,1
DA:121,1
DA:126,0
DA:132,3
DA:145,3
DA:146,3
DA:147,14
DA:148,14
DA:149,14
DA:150,14
DA:151,14
DA:153,14
DA:155,14
DA:156,14
DA:157,14
DA:167,3
DA:168,3
DA:169,3
DA:170,3
DA:171,3
DA:182,3
DA:186,4
DA:187,0
DA:188,0
DA:189,0
DA:192,4
DA:195,0
DA:196,0
DA:201,0
DA:207,0
DA:208,0
DA:214,6
LF:57
LH:37
BRDA:59,0,0,0
BRDA:59,0,1,0
BRDA:90,1,0,8
BRDA:90,1,1,3
BRDA:101,2,0,12
BRDA:101,2,1,12
BRDA:101,2,2,8
BRDA:101,2,3,8
BRDA:101,2,4,6
BRDA:101,2,5,3
BRDA:101,2,6,1
BRDA:110,3,0,1
BRDA:110,3,1,2
BRDA:110,4,0,3
BRDA:110,4,1,2
BRDA:115,5,0,1
BRDA:115,5,1,1
BRDA:120,6,0,1
BRDA:120,6,1,0
BRDA:153,7,0,14
BRDA:153,7,1,14
BRDA:158,8,0,14
BRDA:158,8,1,2
BRDA:158,8,2,12
BRDA:158,8,3,12
BRDA:158,8,4,7
BRDA:158,8,5,9
BRDA:158,8,6,6
BRDA:158,8,7,5
BRDA:158,8,8,2
BRDA:175,9,0,3
BRDA:175,9,1,0
BRDA:201,10,0,0
BRDA:201,10,1,0
BRF:34
BRH:28
end_of_record
