TN:
SF:src\store\task-slice.ts
FN:45,(anonymous_0)
FN:72,(anonymous_1)
FN:79,(anonymous_2)
FN:85,(anonymous_3)
FN:89,(anonymous_4)
FN:96,(anonymous_5)
FN:100,(anonymous_6)
FN:135,(anonymous_7)
FN:146,(anonymous_8)
FN:185,(anonymous_9)
FN:186,(anonymous_10)
FN:194,(anonymous_11)
FN:200,(anonymous_12)
FNF:13
FNH:5
FNDA:0,(anonymous_0)
FNDA:2,(anonymous_1)
FNDA:0,(anonymous_2)
FNDA:0,(anonymous_3)
FNDA:0,(anonymous_4)
FNDA:1,(anonymous_5)
FNDA:4,(anonymous_6)
FNDA:1,(anonymous_7)
FNDA:0,(anonymous_8)
FNDA:1,(anonymous_9)
FNDA:0,(anonymous_10)
FNDA:0,(anonymous_11)
FNDA:0,(anonymous_12)
DA:30,1
DA:43,1
DA:46,0
DA:47,0
DA:48,0
DA:49,0
DA:58,0
DA:59,0
DA:60,0
DA:62,0
DA:64,0
DA:68,1
DA:73,2
DA:77,2
DA:80,0
DA:82,0
DA:86,0
DA:90,0
DA:94,0
DA:97,1
DA:101,4
DA:110,1
DA:111,0
DA:115,1
DA:116,1
DA:120,0
DA:121,0
DA:126,0
DA:132,1
DA:145,1
DA:146,1
DA:147,0
DA:148,0
DA:149,0
DA:150,0
DA:151,0
DA:153,0
DA:155,0
DA:156,0
DA:157,0
DA:167,1
DA:168,1
DA:169,1
DA:170,1
DA:171,1
DA:182,1
DA:186,1
DA:187,0
DA:188,0
DA:189,0
DA:192,1
DA:195,0
DA:196,0
DA:201,0
DA:207,0
DA:208,0
DA:214,1
LF:57
LH:22
BRDA:59,0,0,0
BRDA:59,0,1,0
BRDA:90,1,0,0
BRDA:90,1,1,0
BRDA:101,2,0,4
BRDA:101,2,1,4
BRDA:101,2,2,0
BRDA:101,2,3,4
BRDA:101,2,4,4
BRDA:101,2,5,1
BRDA:101,2,6,1
BRDA:110,3,0,0
BRDA:110,3,1,1
BRDA:110,4,0,1
BRDA:110,4,1,0
BRDA:115,5,0,1
BRDA:115,5,1,0
BRDA:120,6,0,0
BRDA:120,6,1,0
BRDA:153,7,0,0
BRDA:153,7,1,0
BRDA:158,8,0,0
BRDA:158,8,1,0
BRDA:158,8,2,0
BRDA:158,8,3,0
BRDA:158,8,4,0
BRDA:158,8,5,0
BRDA:158,8,6,0
BRDA:158,8,7,0
BRDA:158,8,8,0
BRDA:175,9,0,0
BRDA:175,9,1,1
BRDA:201,10,0,0
BRDA:201,10,1,0
BRF:34
BRH:10
end_of_record
TN:
SF:src\store\fetures\task-api.ts
FN:59,(anonymous_0)
FN:66,(anonymous_1)
FN:71,(anonymous_2)
FN:79,(anonymous_3)
FN:87,(anonymous_4)
FN:94,(anonymous_5)
FN:102,(anonymous_6)
FNF:7
FNH:1
FNDA:0,(anonymous_0)
FNDA:1,(anonymous_1)
FNDA:0,(anonymous_2)
FNDA:0,(anonymous_3)
FNDA:0,(anonymous_4)
FNDA:0,(anonymous_5)
FNDA:0,(anonymous_6)
DA:55,1
DA:60,0
DA:61,0
DA:62,0
DA:66,1
DA:72,0
DA:79,0
DA:87,0
DA:94,0
DA:102,0
DA:116,1
LF:11
LH:3
BRF:0
BRH:0
end_of_record
TN:
SF:src\utils\Functions.ts
FN:1,formatDate
FN:8,compareDates
FNF:2
FNH:0
FNDA:0,formatDate
FNDA:0,compareDates
DA:2,0
DA:3,0
DA:5,0
DA:9,0
DA:10,0
DA:11,0
LF:6
LH:0
BRDA:2,0,0,0
BRDA:2,0,1,0
BRF:2
BRH:0
end_of_record
